<?xml version="1.0" encoding="UTF-8"?>
<!-- Generated by org.testng.reporters.JUnitReportReporter -->
<testsuite skipped="0" hostname="User" name="Pkg1.GoogleSearchPage" tests="1" failures="0" timestamp="2020-05-15T13:49:18 IST" time="21.356" errors="0">
  <testcase name="test1" time="21.356" classname="Pkg1.GoogleSearchPage"/>
  <system-out/>
</testsuite> <!-- Pkg1.GoogleSearchPage -->
